2018-12-21 08:38:12.741 [main] INFO  com.sunjian.Application - Starting Application on sunjian-PC with PID 8676 (C:\Users\sunjian\Desktop\InterfaceTest\target\classes started by sunjian in C:\Users\sunjian\Desktop\InterfaceTest)
2018-12-21 08:38:12.747 [main] INFO  com.sunjian.Application - No active profile set, falling back to default profiles: default
2018-12-21 08:38:12.805 [main] INFO  o.s.boot.context.embedded.AnnotationConfigEmbeddedWebApplicationContext - Refreshing org.springframework.boot.context.embedded.AnnotationConfigEmbeddedWebApplicationContext@564fabc8: startup date [Fri Dec 21 08:38:12 CST 2018]; root of context hierarchy
2018-12-21 08:38:13.661 [main] WARN  org.mybatis.spring.mapper.ClassPathMapperScanner - No MyBatis mapper was found in '[com.sunjian]' package. Please check your configuration.
2018-12-21 08:38:14.039 [main] INFO  o.s.context.support.PostProcessorRegistrationDelegate$BeanPostProcessorChecker - Bean 'org.springframework.transaction.annotation.ProxyTransactionManagementConfiguration' of type [org.springframework.transaction.annotation.ProxyTransactionManagementConfiguration$$EnhancerBySpringCGLIB$$58c8823f] is not eligible for getting processed by all BeanPostProcessors (for example: not eligible for auto-proxying)
2018-12-21 08:38:14.372 [main] INFO  org.springframework.boot.context.embedded.tomcat.TomcatEmbeddedServletContainer - Tomcat initialized with port(s): 8888 (http)
2018-12-21 08:38:14.384 [main] INFO  org.apache.catalina.core.StandardService - Starting service Tomcat
2018-12-21 08:38:14.385 [main] INFO  org.apache.catalina.core.StandardEngine - Starting Servlet Engine: Apache Tomcat/8.5.14
2018-12-21 08:38:14.479 [localhost-startStop-1] INFO  org.apache.catalina.core.ContainerBase.[Tomcat].[localhost].[/] - Initializing Spring embedded WebApplicationContext
2018-12-21 08:38:14.479 [localhost-startStop-1] INFO  org.springframework.web.context.ContextLoader - Root WebApplicationContext: initialization completed in 1674 ms
2018-12-21 08:38:14.591 [localhost-startStop-1] INFO  org.springframework.boot.web.servlet.ServletRegistrationBean - Mapping servlet: 'dispatcherServlet' to [/]
2018-12-21 08:38:14.595 [localhost-startStop-1] INFO  org.springframework.boot.web.servlet.FilterRegistrationBean - Mapping filter: 'characterEncodingFilter' to: [/*]
2018-12-21 08:38:14.596 [localhost-startStop-1] INFO  org.springframework.boot.web.servlet.FilterRegistrationBean - Mapping filter: 'hiddenHttpMethodFilter' to: [/*]
2018-12-21 08:38:14.596 [localhost-startStop-1] INFO  org.springframework.boot.web.servlet.FilterRegistrationBean - Mapping filter: 'httpPutFormContentFilter' to: [/*]
2018-12-21 08:38:14.596 [localhost-startStop-1] INFO  org.springframework.boot.web.servlet.FilterRegistrationBean - Mapping filter: 'requestContextFilter' to: [/*]
2018-12-21 08:38:15.327 [main] INFO  o.springframework.web.servlet.mvc.method.annotation.RequestMappingHandlerMapping - Mapped "{[/v1/getUserInfo],methods=[POST]}" onto public java.util.List<com.sunjian.model.User> com.sunjian.controller.UserManager.getUserInfo(javax.servlet.http.HttpServletRequest,com.sunjian.model.User)
2018-12-21 08:38:15.328 [main] INFO  o.springframework.web.servlet.mvc.method.annotation.RequestMappingHandlerMapping - Mapped "{[/v1/login],methods=[POST]}" onto public java.lang.Boolean com.sunjian.controller.UserManager.login(javax.servlet.http.HttpServletResponse,com.sunjian.model.User)
2018-12-21 08:38:15.328 [main] INFO  o.springframework.web.servlet.mvc.method.annotation.RequestMappingHandlerMapping - Mapped "{[/v1/updateUserInfo],methods=[POST]}" onto public int com.sunjian.controller.UserManager.updateUser(javax.servlet.http.HttpServletRequest,com.sunjian.model.User)
2018-12-21 08:38:15.329 [main] INFO  o.springframework.web.servlet.mvc.method.annotation.RequestMappingHandlerMapping - Mapped "{[/v1/addUser],methods=[POST]}" onto public boolean com.sunjian.controller.UserManager.addUser(javax.servlet.http.HttpServletRequest,com.sunjian.model.User)
2018-12-21 08:38:15.329 [main] INFO  o.springframework.web.servlet.mvc.method.annotation.RequestMappingHandlerMapping - Mapped "{[/v2/api-docs],methods=[GET],produces=[application/json || application/hal+json]}" onto public org.springframework.http.ResponseEntity<springfox.documentation.spring.web.json.Json> springfox.documentation.swagger2.web.Swagger2Controller.getDocumentation(java.lang.String,javax.servlet.http.HttpServletRequest)
2018-12-21 08:38:15.331 [main] INFO  o.springframework.web.servlet.mvc.method.annotation.RequestMappingHandlerMapping - Mapped "{[/swagger-resources/configuration/security]}" onto org.springframework.http.ResponseEntity<springfox.documentation.swagger.web.SecurityConfiguration> springfox.documentation.swagger.web.ApiResourceController.securityConfiguration()
2018-12-21 08:38:15.332 [main] INFO  o.springframework.web.servlet.mvc.method.annotation.RequestMappingHandlerMapping - Mapped "{[/swagger-resources/configuration/ui]}" onto org.springframework.http.ResponseEntity<springfox.documentation.swagger.web.UiConfiguration> springfox.documentation.swagger.web.ApiResourceController.uiConfiguration()
2018-12-21 08:38:15.333 [main] INFO  o.springframework.web.servlet.mvc.method.annotation.RequestMappingHandlerMapping - Mapped "{[/swagger-resources]}" onto org.springframework.http.ResponseEntity<java.util.List<springfox.documentation.swagger.web.SwaggerResource>> springfox.documentation.swagger.web.ApiResourceController.swaggerResources()
2018-12-21 08:38:15.334 [main] INFO  o.springframework.web.servlet.mvc.method.annotation.RequestMappingHandlerMapping - Mapped "{[/error]}" onto public org.springframework.http.ResponseEntity<java.util.Map<java.lang.String, java.lang.Object>> org.springframework.boot.autoconfigure.web.BasicErrorController.error(javax.servlet.http.HttpServletRequest)
2018-12-21 08:38:15.335 [main] INFO  o.springframework.web.servlet.mvc.method.annotation.RequestMappingHandlerMapping - Mapped "{[/error],produces=[text/html]}" onto public org.springframework.web.servlet.ModelAndView org.springframework.boot.autoconfigure.web.BasicErrorController.errorHtml(javax.servlet.http.HttpServletRequest,javax.servlet.http.HttpServletResponse)
2018-12-21 08:38:15.617 [main] INFO  o.springframework.web.servlet.mvc.method.annotation.RequestMappingHandlerAdapter - Looking for @ControllerAdvice: org.springframework.boot.context.embedded.AnnotationConfigEmbeddedWebApplicationContext@564fabc8: startup date [Fri Dec 21 08:38:12 CST 2018]; root of context hierarchy
2018-12-21 08:38:15.667 [main] INFO  org.springframework.web.servlet.handler.SimpleUrlHandlerMapping - Mapped URL path [/webjars/**] onto handler of type [class org.springframework.web.servlet.resource.ResourceHttpRequestHandler]
2018-12-21 08:38:15.668 [main] INFO  org.springframework.web.servlet.handler.SimpleUrlHandlerMapping - Mapped URL path [/**] onto handler of type [class org.springframework.web.servlet.resource.ResourceHttpRequestHandler]
2018-12-21 08:38:15.695 [main] INFO  org.springframework.web.servlet.handler.SimpleUrlHandlerMapping - Mapped URL path [/**/favicon.ico] onto handler of type [class org.springframework.web.servlet.resource.ResourceHttpRequestHandler]
2018-12-21 08:38:15.858 [main] INFO  org.springframework.jmx.export.annotation.AnnotationMBeanExporter - Registering beans for JMX exposure on startup
2018-12-21 08:38:15.864 [main] INFO  org.springframework.context.support.DefaultLifecycleProcessor - Starting beans in phase 2147483647
2018-12-21 08:38:15.865 [main] INFO  springfox.documentation.spring.web.plugins.DocumentationPluginsBootstrapper - Context refreshed
2018-12-21 08:38:15.880 [main] INFO  springfox.documentation.spring.web.plugins.DocumentationPluginsBootstrapper - Found 1 custom documentation plugin(s)
2018-12-21 08:38:15.894 [main] INFO  springfox.documentation.spring.web.scanners.ApiListingReferenceScanner - Scanning for api listing references
2018-12-21 08:38:16.137 [main] INFO  org.springframework.boot.context.embedded.tomcat.TomcatEmbeddedServletContainer - Tomcat started on port(s): 8888 (http)
2018-12-21 08:38:16.140 [main] INFO  com.sunjian.Application - Started Application in 3.738 seconds (JVM running for 4.252)
2018-12-21 08:38:31.516 [http-nio-8888-exec-1] INFO  org.apache.catalina.core.ContainerBase.[Tomcat].[localhost].[/] - Initializing Spring FrameworkServlet 'dispatcherServlet'
2018-12-21 08:38:31.517 [http-nio-8888-exec-1] INFO  org.springframework.web.servlet.DispatcherServlet - FrameworkServlet 'dispatcherServlet': initialization started
2018-12-21 08:38:31.532 [http-nio-8888-exec-1] INFO  org.springframework.web.servlet.DispatcherServlet - FrameworkServlet 'dispatcherServlet': initialization completed in 15 ms
2018-12-21 08:38:31.866 [http-nio-8888-exec-1] INFO  com.sunjian.controller.UserManager - 查看到的结果是1
2018-12-21 08:38:31.928 [http-nio-8888-exec-2] INFO  com.sunjian.controller.UserManager - 查看到的结果是1
2018-12-21 08:38:32.042 [http-nio-8888-exec-3] INFO  com.sunjian.controller.UserManager - cookies验证通过
2018-12-21 08:38:32.107 [http-nio-8888-exec-3] INFO  com.sunjian.controller.UserManager - getUserInfo获取到的用户数量是1
2018-12-21 08:40:27.912 [http-nio-8888-exec-5] INFO  com.sunjian.controller.UserManager - 查看到的结果是1
2018-12-21 08:40:27.959 [http-nio-8888-exec-6] INFO  com.sunjian.controller.UserManager - 查看到的结果是1
2018-12-21 08:40:28.023 [http-nio-8888-exec-7] INFO  com.sunjian.controller.UserManager - cookies验证通过
2018-12-21 08:40:28.025 [http-nio-8888-exec-7] INFO  com.sunjian.controller.UserManager - getUserInfo获取到的用户数量是1
2018-12-21 08:45:30.560 [http-nio-8888-exec-9] INFO  com.sunjian.controller.UserManager - 查看到的结果是1
2018-12-21 08:45:30.603 [http-nio-8888-exec-10] INFO  com.sunjian.controller.UserManager - 查看到的结果是1
2018-12-21 08:45:30.674 [http-nio-8888-exec-1] INFO  com.sunjian.controller.UserManager - cookies验证通过
2018-12-21 08:45:30.676 [http-nio-8888-exec-1] INFO  com.sunjian.controller.UserManager - getUserInfo获取到的用户数量是1
2018-12-21 08:49:26.988 [http-nio-8888-exec-3] INFO  com.sunjian.controller.UserManager - 查看到的结果是1
2018-12-21 08:49:27.034 [http-nio-8888-exec-4] INFO  com.sunjian.controller.UserManager - 查看到的结果是1
2018-12-21 08:49:27.083 [http-nio-8888-exec-5] INFO  com.sunjian.controller.UserManager - cookies验证通过
2018-12-21 08:49:27.085 [http-nio-8888-exec-5] INFO  com.sunjian.controller.UserManager - getUserInfo获取到的用户数量是2
2018-12-21 09:05:20.999 [http-nio-8888-exec-7] INFO  com.sunjian.controller.UserManager - 查看到的结果是1
2018-12-21 09:05:21.039 [http-nio-8888-exec-8] INFO  com.sunjian.controller.UserManager - 查看到的结果是1
2018-12-21 09:05:21.081 [http-nio-8888-exec-9] INFO  com.sunjian.controller.UserManager - cookies验证通过
2018-12-21 09:05:21.113 [http-nio-8888-exec-9] INFO  com.sunjian.controller.UserManager - 添加用户的数量是:1
2018-12-21 09:05:23.201 [http-nio-8888-exec-10] INFO  com.sunjian.controller.UserManager - cookies验证通过
2018-12-21 09:05:23.205 [http-nio-8888-exec-10] INFO  com.sunjian.controller.UserManager - getUserInfo获取到的用户数量是1
2018-12-21 09:05:25.258 [http-nio-8888-exec-1] INFO  com.sunjian.controller.UserManager - cookies验证通过
2018-12-21 09:05:25.263 [http-nio-8888-exec-1] INFO  com.sunjian.controller.UserManager - getUserInfo获取到的用户数量是2
2018-12-21 09:05:27.360 [http-nio-8888-exec-2] INFO  com.sunjian.controller.UserManager - cookies验证通过
2018-12-21 09:05:27.390 [http-nio-8888-exec-2] INFO  com.sunjian.controller.UserManager - 更新数据的条目数为:1
2018-12-21 09:05:29.447 [http-nio-8888-exec-3] INFO  com.sunjian.controller.UserManager - cookies验证通过
2018-12-21 09:05:29.473 [http-nio-8888-exec-3] INFO  com.sunjian.controller.UserManager - 更新数据的条目数为:1
